  context.c
  egl_context.c
  osmesa_context.c
  init.c
  input.c
  monitor.c
  vulkan.c
  wgl_context.c
  win32_init.c
  win32_joystick.c
  win32_monitor.c
  win32_time.c
  win32_thread.c
  win32_window.c
  window.c
  null_init.c
  null_joystick.c
  null_monitor.c
  null_window.c
  platform.c
  Génération de code en cours...
  Compilation en cours...
  win32_module.c
  Génération de code en cours...
  GLFW-VS2022.vcxproj -> C:\Users\feraud\Downloads\chai3d-3.3.0\extras\GLFW\lib\Debug\x64\GLFW.lib
